mode: set
go-server/diet/repository/postgresql/postgresql.go:18.68,20.2 1 1
go-server/diet/repository/postgresql/postgresql.go:22.98,25.60 3 1
go-server/diet/repository/postgresql/postgresql.go:29.2,29.15 1 1
go-server/diet/repository/postgresql/postgresql.go:25.60,28.3 2 0
go-server/diet/repository/postgresql/postgresql.go:32.85,33.16 1 1
go-server/diet/repository/postgresql/postgresql.go:36.2,40.16 2 1
go-server/diet/repository/postgresql/postgresql.go:44.2,44.12 1 1
go-server/diet/repository/postgresql/postgresql.go:33.16,35.3 1 0
go-server/diet/repository/postgresql/postgresql.go:40.16,43.3 2 0
go-server/diet/usecase/diet_usecase.go:16.72,20.2 1 1
go-server/diet/usecase/diet_usecase.go:22.86,24.16 2 1
go-server/diet/usecase/diet_usecase.go:28.2,28.19 1 1
go-server/diet/usecase/diet_usecase.go:24.16,27.3 2 1
go-server/diet/usecase/diet_usecase.go:31.73,32.50 1 1
go-server/diet/usecase/diet_usecase.go:36.2,36.12 1 1
go-server/diet/usecase/diet_usecase.go:32.50,35.3 2 1
go-server/digimon/repository/postgresql/postgresql.go:17.74,19.2 1 1
go-server/digimon/repository/postgresql/postgresql.go:21.104,24.60 3 1
go-server/digimon/repository/postgresql/postgresql.go:28.2,28.15 1 1
go-server/digimon/repository/postgresql/postgresql.go:24.60,27.3 2 0
go-server/digimon/repository/postgresql/postgresql.go:31.91,36.16 2 1
go-server/digimon/repository/postgresql/postgresql.go:40.2,40.12 1 1
go-server/digimon/repository/postgresql/postgresql.go:36.16,39.3 2 0
go-server/digimon/repository/postgresql/postgresql.go:43.98,48.16 2 1
go-server/digimon/repository/postgresql/postgresql.go:52.2,52.12 1 1
go-server/digimon/repository/postgresql/postgresql.go:48.16,51.3 2 0
go-server/digimon/delivery/http/digimon_handler.go:19.109,28.2 4 0
go-server/digimon/delivery/http/digimon_handler.go:31.64,35.16 3 1
go-server/digimon/delivery/http/digimon_handler.go:44.2,48.4 1 1
go-server/digimon/delivery/http/digimon_handler.go:35.16,42.3 3 0
go-server/digimon/delivery/http/digimon_handler.go:52.62,54.42 2 1
go-server/digimon/delivery/http/digimon_handler.go:62.2,65.61 2 1
go-server/digimon/delivery/http/digimon_handler.go:74.2,78.4 1 1
go-server/digimon/delivery/http/digimon_handler.go:54.42,61.3 3 0
go-server/digimon/delivery/http/digimon_handler.go:65.61,72.3 3 0
go-server/digimon/delivery/http/digimon_handler.go:82.62,86.42 3 1
go-server/digimon/delivery/http/digimon_handler.go:95.2,98.17 1 1
go-server/digimon/delivery/http/digimon_handler.go:107.2,110.17 1 1
go-server/digimon/delivery/http/digimon_handler.go:118.2,118.18 1 1
go-server/digimon/delivery/http/digimon_handler.go:86.42,93.3 3 0
go-server/digimon/delivery/http/digimon_handler.go:98.17,105.3 3 0
go-server/digimon/delivery/http/digimon_handler.go:110.17,117.3 3 0
go-server/digimon/usecase/digimon_usecase.go:19.84,23.2 1 1
go-server/digimon/usecase/digimon_usecase.go:25.92,27.16 2 1
go-server/digimon/usecase/digimon_usecase.go:31.2,31.22 1 1
go-server/digimon/usecase/digimon_usecase.go:27.16,30.3 2 1
go-server/digimon/usecase/digimon_usecase.go:34.79,35.16 1 1
go-server/digimon/usecase/digimon_usecase.go:38.2,38.20 1 1
go-server/digimon/usecase/digimon_usecase.go:41.2,41.53 1 1
go-server/digimon/usecase/digimon_usecase.go:45.2,45.12 1 1
go-server/digimon/usecase/digimon_usecase.go:35.16,37.3 1 1
go-server/digimon/usecase/digimon_usecase.go:38.20,40.3 1 1
go-server/digimon/usecase/digimon_usecase.go:41.53,44.3 2 1
go-server/digimon/usecase/digimon_usecase.go:48.86,49.20 1 1
go-server/digimon/usecase/digimon_usecase.go:55.2,55.60 1 1
go-server/digimon/usecase/digimon_usecase.go:59.2,59.12 1 1
go-server/digimon/usecase/digimon_usecase.go:49.20,53.3 3 1
go-server/digimon/usecase/digimon_usecase.go:55.60,58.3 2 1
